[18:24:24] [main/INFO]: Environment: authHost='https://authserver.mojang.com', accountsHost='https://api.mojang.com', sessionHost='https://sessionserver.mojang.com', servicesHost='https://api.minecraftservices.com', name='PROD'
[18:24:25] [main/WARN]: Ambiguity between arguments [teleport, destination] and [teleport, targets] with inputs: [Player, 0123, @e, dd12be42-52a9-4a91-a8a1-11c01849e498]
[18:24:25] [main/WARN]: Ambiguity between arguments [teleport, location] and [teleport, destination] with inputs: [0.1 -0.5 .9, 0 0 0]
[18:24:25] [main/WARN]: Ambiguity between arguments [teleport, location] and [teleport, targets] with inputs: [0.1 -0.5 .9, 0 0 0]
[18:24:25] [main/WARN]: Ambiguity between arguments [teleport, targets] and [teleport, destination] with inputs: [Player, 0123, dd12be42-52a9-4a91-a8a1-11c01849e498]
[18:24:25] [main/WARN]: Ambiguity between arguments [teleport, targets, location] and [teleport, targets, destination] with inputs: [0.1 -0.5 .9, 0 0 0]
[18:24:25] [main/INFO]: Reloading ResourceManager: Default
[18:24:26] [Worker-Main-4/INFO]: Loaded 7 recipes
[18:24:26] [Worker-Main-4/INFO]: Loaded 927 advancements
[18:24:28] [Server thread/INFO]: Starting minecraft server version 1.16.5
[18:24:28] [Server thread/INFO]: Loading properties
[18:24:28] [Server thread/INFO]: Default game type: SURVIVAL
[18:24:28] [Server thread/INFO]: Generating keypair
[18:24:29] [Server thread/INFO]: Starting Minecraft server on *:25565
[18:24:29] [Server thread/INFO]: Using epoll channel type
[18:24:29] [Server thread/WARN]: **** SERVER IS RUNNING IN OFFLINE/INSECURE MODE!
[18:24:29] [Server thread/WARN]: The server will make no attempt to authenticate usernames. Beware.
[18:24:29] [Server thread/WARN]: While this makes the game possible to play without internet access, it also opens up the ability for hackers to connect with any username they choose.
[18:24:29] [Server thread/WARN]: To change this, set "online-mode" to "true" in the server.properties file.
[18:24:29] [Server thread/INFO]: Preparing level "world"
[18:24:34] [Server thread/INFO]: Preparing start region for dimension minecraft:overworld
[18:24:35] [Worker-Main-6/INFO]: Preparing spawn area: 0%
[18:24:35] [Worker-Main-6/INFO]: Preparing spawn area: 0%
[18:24:35] [Worker-Main-4/INFO]: Preparing spawn area: 0%
[18:24:36] [Worker-Main-4/INFO]: Preparing spawn area: 0%
[18:24:36] [Worker-Main-5/INFO]: Preparing spawn area: 0%
[18:24:37] [Worker-Main-6/INFO]: Preparing spawn area: 1%
[18:24:37] [Worker-Main-6/INFO]: Preparing spawn area: 3%
[18:24:38] [Worker-Main-5/INFO]: Preparing spawn area: 4%
[18:24:38] [Worker-Main-4/INFO]: Preparing spawn area: 4%
[18:24:39] [Worker-Main-4/INFO]: Preparing spawn area: 9%
[18:24:39] [Worker-Main-5/INFO]: Preparing spawn area: 9%
[18:24:40] [Worker-Main-5/INFO]: Preparing spawn area: 9%
[18:24:40] [Worker-Main-4/INFO]: Preparing spawn area: 9%
[18:24:41] [Worker-Main-6/INFO]: Preparing spawn area: 15%
[18:24:41] [Worker-Main-5/INFO]: Preparing spawn area: 15%
[18:24:42] [Worker-Main-6/INFO]: Preparing spawn area: 15%
[18:24:42] [Worker-Main-4/INFO]: Preparing spawn area: 20%
[18:24:43] [Worker-Main-4/INFO]: Preparing spawn area: 20%
[18:24:43] [Worker-Main-4/INFO]: Preparing spawn area: 20%
[18:24:44] [Worker-Main-4/INFO]: Preparing spawn area: 25%
[18:24:44] [Worker-Main-6/INFO]: Preparing spawn area: 26%
[18:24:45] [Worker-Main-6/INFO]: Preparing spawn area: 29%
[18:24:45] [Worker-Main-5/INFO]: Preparing spawn area: 32%
[18:24:46] [Worker-Main-5/INFO]: Preparing spawn area: 34%
[18:24:46] [Worker-Main-4/INFO]: Preparing spawn area: 34%
[18:24:47] [Worker-Main-4/INFO]: Preparing spawn area: 34%
[18:24:47] [Worker-Main-4/INFO]: Preparing spawn area: 41%
[18:24:48] [Worker-Main-4/INFO]: Preparing spawn area: 43%
[18:24:49] [Worker-Main-5/INFO]: Preparing spawn area: 45%
[18:24:49] [Worker-Main-6/INFO]: Preparing spawn area: 45%
[18:24:49] [Worker-Main-6/INFO]: Preparing spawn area: 45%
[18:24:50] [Worker-Main-6/INFO]: Preparing spawn area: 54%
[18:24:51] [Worker-Main-4/INFO]: Preparing spawn area: 58%
[18:24:51] [Worker-Main-4/INFO]: Preparing spawn area: 58%
[18:24:52] [Worker-Main-5/INFO]: Preparing spawn area: 64%
[18:24:52] [Worker-Main-5/INFO]: Preparing spawn area: 67%
[18:24:53] [Worker-Main-6/INFO]: Preparing spawn area: 69%
[18:24:53] [Worker-Main-5/INFO]: Preparing spawn area: 69%
[18:24:54] [Worker-Main-4/INFO]: Preparing spawn area: 74%
[18:24:54] [Worker-Main-6/INFO]: Preparing spawn area: 77%
[18:24:55] [Worker-Main-6/INFO]: Preparing spawn area: 78%
[18:24:55] [Worker-Main-5/INFO]: Preparing spawn area: 78%
[18:24:56] [Worker-Main-5/INFO]: Preparing spawn area: 86%
[18:24:56] [Worker-Main-5/INFO]: Preparing spawn area: 86%
[18:24:57] [Worker-Main-4/INFO]: Preparing spawn area: 91%
[18:24:57] [Worker-Main-4/INFO]: Preparing spawn area: 91%
[18:24:57] [Worker-Main-4/INFO]: Preparing spawn area: 96%
[18:24:57] [Server thread/INFO]: Time elapsed: 23056 ms
[18:24:57] [Server thread/INFO]: Done (28.653s)! For help, type "help"
[18:25:07] [Server thread/INFO]: Unknown or incomplete command, see below for error
[18:25:07] [Server thread/INFO]: /STOP<--[HERE]
[18:25:10] [Server thread/INFO]: Stopping the server
[18:25:10] [Server thread/INFO]: Stopping server
[18:25:10] [Server thread/INFO]: Saving players
[18:25:10] [Server thread/INFO]: Saving worlds
[18:25:10] [Server thread/INFO]: Saving chunks for level 'ServerLevel[world]'/minecraft:overworld
[18:25:11] [Server thread/INFO]: ThreadedAnvilChunkStorage (world): All chunks are saved
[18:25:11] [Server thread/INFO]: Saving chunks for level 'ServerLevel[world]'/minecraft:the_nether
[18:25:11] [Server thread/INFO]: ThreadedAnvilChunkStorage (DIM-1): All chunks are saved
[18:25:12] [Server thread/INFO]: Saving chunks for level 'ServerLevel[world]'/minecraft:the_end
[18:25:12] [Server thread/INFO]: ThreadedAnvilChunkStorage (DIM1): All chunks are saved
[18:25:12] [Server thread/INFO]: ThreadedAnvilChunkStorage (world): All chunks are saved
[18:25:12] [Server thread/INFO]: ThreadedAnvilChunkStorage (DIM-1): All chunks are saved
[18:25:12] [Server thread/INFO]: ThreadedAnvilChunkStorage (DIM1): All chunks are saved
